python3 exploit_seq.py
[+] Opening connection to 66.172.10.203 on port 2570: Done
Please submit a printable string X, such that sha512(X)[-6:] = d5e778 and len(X) = 37

Attempt( d5e778 ): 0 , new_str = 0000000000000000000000000000000000000 , new_hash_seg = eb89ce
Attempt( d5e778 ): 10000 , new_str = 0000000000000000000000000000000010000 , new_hash_seg = b4e4a0
Attempt( d5e778 ): 20000 , new_str = 0000000000000000000000000000000020000 , new_hash_seg = af9b80
Attempt( d5e778 ): 30000 , new_str = 0000000000000000000000000000000030000 , new_hash_seg = 218cf1
Attempt( d5e778 ): 40000 , new_str = 0000000000000000000000000000000040000 , new_hash_seg = b27a0a
Attempt( d5e778 ): 50000 , new_str = 0000000000000000000000000000000050000 , new_hash_seg = 6c6464
Attempt( d5e778 ): 60000 , new_str = 0000000000000000000000000000000060000 , new_hash_seg = 3f13ac
Attempt( d5e778 ): 70000 , new_str = 0000000000000000000000000000000070000 , new_hash_seg = 1279e4
Attempt( d5e778 ): 80000 , new_str = 0000000000000000000000000000000080000 , new_hash_seg = 5c49b6
string = 0000000000000000000000000000000089397
hash = 3aef7406d89027a3fe83e4d84c15d8ac8b4f8094bf3c86051b75c4055cca324db4d923618efd22664c7ed3842d89665872a0341087564ca2a93771e989d5e778
++++++++++++++++++++++++++++++++++++++++++++++++++++++++++++++++++++++++

+  hi powerful coders! Your mission is to find weird hash collision,   +

+  its baby level, so dont over-think please!!                         +

++++++++++++++++++++++++++++++++++++++++++++++++++++++++++++++++++++++++

| Options:

|    [B]aby hash function

|    [C]onditions

|    [R]eport collision!

|    [Q]uit

| (m, n, x_head, y_head) = (89, 64, 'SbM', 'dead')

| Options:

|    [B]aby hash function

|    [C]onditions

|    [R]eport collision!

|    [Q]uit

Attempt: 0 , x = SbM00000000000000000000000000000 , x_hash = 9a4052175d8c4a8d962f7cb04b6acfdc
Attempt: 10000 , x = SbM10000000000000000000000000000 , x_hash = 7d25e7b2110e38d7a618c0f0096f4ec7
Attempt: 20000 , x = SbM20000000000000000000000000000 , x_hash = 1b6acb9fb079b2bbb6863d17d13eb467
Attempt: 30000 , x = SbM30000000000000000000000000000 , x_hash = 1fa4fa94804894d23c4e36b0ef0e719b
x = SbM37296000000000000000000000000 , y = dead5e7c2622040817a1790f979b4172
[*] Switching to interactive mode
| (m, n, x_head, y_head) = (89, 64, 'SbM', 'dead')
| Options:
|    [B]aby hash function
|    [C]onditions
|    [R]eport collision!
|    [Q]uit
| please send first string, x:
| please send second string, y:
| Congrats! You find the collision!! the flag is: ASIS{MD5_c0L1iD!N9_iZ_4pProX1mA73lY_1.47*10^-29}
[*] Got EOF while reading in interactive
$
[*] Interrupted
[*] Closed connection to 66.172.10.203 port 2570
